Release 14.7 - xst P.20131013 (nt64)
Copyright (c) 1995-2013 Xilinx, Inc.  All rights reserved.
--> Parameter TMPDIR set to xst/projnav.tmp


Total REAL time to Xst completion: 0.00 secs
Total CPU time to Xst completion: 0.17 secs
 
--> Parameter xsthdpdir set to xst


Total REAL time to Xst completion: 0.00 secs
Total CPU time to Xst completion: 0.17 secs
 
--> Reading design: main.prj

TABLE OF CONTENTS
  1) Synthesis Options Summary
  2) HDL Parsing
  3) HDL Elaboration
  4) HDL Synthesis
       4.1) HDL Synthesis Report
  5) Advanced HDL Synthesis
       5.1) Advanced HDL Synthesis Report
  6) Low Level Synthesis
  7) Partition Report
  8) Design Summary
       8.1) Primitive and Black Box Usage
       8.2) Device utilization summary
       8.3) Partition Resource Summary
       8.4) Timing Report
            8.4.1) Clock Information
            8.4.2) Asynchronous Control Signals Information
            8.4.3) Timing Summary
            8.4.4) Timing Details
            8.4.5) Cross Clock Domains Report


=========================================================================
*                      Synthesis Options Summary                        *
=========================================================================
---- Source Parameters
Input File Name                    : "main.prj"
Ignore Synthesis Constraint File   : NO

---- Target Parameters
Output File Name                   : "main"
Output Format                      : NGC
Target Device                      : xc6slx9-3-tqg144

---- Source Options
Top Module Name                    : main
Automatic FSM Extraction           : YES
FSM Encoding Algorithm             : Auto
Safe Implementation                : No
FSM Style                          : LUT
RAM Extraction                     : Yes
RAM Style                          : Auto
ROM Extraction                     : Yes
Shift Register Extraction          : YES
ROM Style                          : Auto
Resource Sharing                   : YES
Asynchronous To Synchronous        : NO
Shift Register Minimum Size        : 2
Use DSP Block                      : Auto
Automatic Register Balancing       : No

---- Target Options
LUT Combining                      : Auto
Reduce Control Sets                : Auto
Add IO Buffers                     : YES
Global Maximum Fanout              : 100000
Add Generic Clock Buffer(BUFG)     : 16
Register Duplication               : YES
Optimize Instantiated Primitives   : NO
Use Clock Enable                   : Auto
Use Synchronous Set                : Auto
Use Synchronous Reset              : Auto
Pack IO Registers into IOBs        : Auto
Equivalent register Removal        : YES

---- General Options
Optimization Goal                  : Speed
Optimization Effort                : 1
Power Reduction                    : NO
Keep Hierarchy                     : No
Netlist Hierarchy                  : As_Optimized
RTL Output                         : Yes
Global Optimization                : AllClockNets
Read Cores                         : YES
Write Timing Constraints           : NO
Cross Clock Analysis               : NO
Hierarchy Separator                : /
Bus Delimiter                      : <>
Case Specifier                     : Maintain
Slice Utilization Ratio            : 100
BRAM Utilization Ratio             : 100
DSP48 Utilization Ratio            : 100
Auto BRAM Packing                  : NO
Slice Utilization Ratio Delta      : 5

=========================================================================


=========================================================================
*                          HDL Parsing                                  *
=========================================================================
Analyzing Verilog file "C:\Users\Redzer0\Desktop\Classroom\1-2563-Digital Fundamental\Lab8.Adder\FullAdder1Bit.vf" into library work
Parsing module <FullAdder1Bit>.
Analyzing Verilog file "C:\Users\Redzer0\Desktop\Classroom\1-2563-Digital Fundamental\Lab8.Adder\HEXto7Seg.vf" into library work
Parsing module <D4_16E_HXILINX_HEXto7Seg>.
Parsing module <NOR6_HXILINX_HEXto7Seg>.
Parsing module <HEXto7Seg>.
Analyzing Verilog file "C:\Users\Redzer0\Desktop\Classroom\1-2563-Digital Fundamental\Lab8.Adder\Adder4.vf" into library work
Parsing module <FullAdder1Bit_MUSER_Adder4>.
Parsing module <Adder4>.
Analyzing Verilog file "C:\Users\Redzer0\Desktop\Classroom\1-2563-Digital Fundamental\Lab8.Adder\HEXto7Seg4Digit.vf" into library work
Parsing module <D4_16E_HXILINX_HEXto7Seg4Digit>.
Parsing module <NOR6_HXILINX_HEXto7Seg4Digit>.
Parsing module <INV4_HXILINX_HEXto7Seg4Digit>.
Parsing module <M4_1E_HXILINX_HEXto7Seg4Digit>.
Parsing module <D2_4E_HXILINX_HEXto7Seg4Digit>.
Parsing module <CB2CE_HXILINX_HEXto7Seg4Digit>.
Parsing module <HEXto7Seg_MUSER_HEXto7Seg4Digit>.
Parsing module <HEXto7Seg4Digit>.
Analyzing Verilog file "C:\Users\Redzer0\Desktop\Classroom\1-2563-Digital Fundamental\Lab8.Adder\ClockDivider.vf" into library work
Parsing module <CB16CE_HXILINX_ClockDivider>.
Parsing module <ClockDivider>.
Analyzing Verilog file "C:\Users\Redzer0\Desktop\Classroom\1-2563-Digital Fundamental\Lab8.Adder\Check16BitIs0.vf" into library work
Parsing module <Check16BitIs0>.
Analyzing Verilog file "C:\Users\Redzer0\Desktop\Classroom\1-2563-Digital Fundamental\Lab8.Adder\Adder8.vf" into library work
Parsing module <FullAdder1Bit_MUSER_Adder8>.
Parsing module <Adder4_MUSER_Adder8>.
Parsing module <Adder8>.
Analyzing Verilog file "C:\Users\Redzer0\Desktop\Classroom\1-2563-Digital Fundamental\Lab8.Adder\Adder.vf" into library work
Parsing module <D4_16E_HXILINX_Adder>.
Parsing module <NOR6_HXILINX_Adder>.
Parsing module <INV4_HXILINX_Adder>.
Parsing module <CB16CE_HXILINX_Adder>.
Parsing module <M4_1E_HXILINX_Adder>.
Parsing module <D2_4E_HXILINX_Adder>.
Parsing module <CB2CE_HXILINX_Adder>.
Parsing module <Check16BitIs0_MUSER_Adder>.
Parsing module <FullAdder1Bit_MUSER_Adder>.
Parsing module <Adder4_MUSER_Adder>.
Parsing module <Adder8_MUSER_Adder>.
Parsing module <HEXto7Seg_MUSER_Adder>.
Parsing module <HEXto7Seg4Digit_MUSER_Adder>.
Parsing module <ClockDivider_MUSER_Adder>.
Parsing module <Adder>.
Analyzing Verilog file "C:\Users\Redzer0\Desktop\Classroom\1-2563-Digital Fundamental\Lab8.Adder\main.vf" into library work
Parsing module <D4_16E_HXILINX_main>.
Parsing module <NOR6_HXILINX_main>.
Parsing module <INV4_HXILINX_main>.
Parsing module <CB16CE_HXILINX_main>.
Parsing module <M4_1E_HXILINX_main>.
Parsing module <D2_4E_HXILINX_main>.
Parsing module <CB2CE_HXILINX_main>.
Parsing module <Check16BitIs0_MUSER_main>.
Parsing module <FullAdder1Bit_MUSER_main>.
Parsing module <Adder4_MUSER_main>.
Parsing module <Adder8_MUSER_main>.
Parsing module <HEXto7Seg_MUSER_main>.
Parsing module <HEXto7Seg4Digit_MUSER_main>.
Parsing module <ClockDivider_MUSER_main>.
Parsing module <Adder_MUSER_main>.
Parsing module <main>.

=========================================================================
*                            HDL Elaboration                            *
=========================================================================

Elaborating module <main>.

Elaborating module <Adder_MUSER_main>.

Elaborating module <ClockDivider_MUSER_main>.

Elaborating module <VCC>.

Elaborating module <GND>.

Elaborating module <CB16CE_HXILINX_main>.
WARNING:HDLCompiler:413 - "C:\Users\Redzer0\Desktop\Classroom\1-2563-Digital Fundamental\Lab8.Adder\main.vf" Line 153: Result of 17-bit expression is truncated to fit in 16-bit target.

Elaborating module <BUF>.

Elaborating module <HEXto7Seg4Digit_MUSER_main>.

Elaborating module <CB2CE_HXILINX_main>.
WARNING:HDLCompiler:413 - "C:\Users\Redzer0\Desktop\Classroom\1-2563-Digital Fundamental\Lab8.Adder\main.vf" Line 251: Result of 3-bit expression is truncated to fit in 2-bit target.

Elaborating module <M4_1E_HXILINX_main>.

Elaborating module <D2_4E_HXILINX_main>.

Elaborating module <INV4_HXILINX_main>.

Elaborating module <HEXto7Seg_MUSER_main>.

Elaborating module <D4_16E_HXILINX_main>.

Elaborating module <NOR4>.

Elaborating module <NOR6_HXILINX_main>.

Elaborating module <NOR5>.

Elaborating module <Check16BitIs0_MUSER_main>.

Elaborating module <AND4B4>.

Elaborating module <AND4>.

Elaborating module <Adder8_MUSER_main>.

Elaborating module <Adder4_MUSER_main>.

Elaborating module <FullAdder1Bit_MUSER_main>.

Elaborating module <XOR2>.

Elaborating module <AND2>.

Elaborating module <OR2>.

=========================================================================
*                           HDL Synthesis                               *
=========================================================================

Synthesizing Unit <main>.
    Related source file is "C:\Users\Redzer0\Desktop\Classroom\1-2563-Digital Fundamental\Lab8.Adder\main.vf".
    Set property "LOC = P99,P100,P101,P102,P104,P105,P111,P112" for signal <DIP>.
    Set property "LOC = P55,P56,P57,P58,P59,P61,P62,P66" for signal <SW>.
    Set property "LOC = P30,P33,P43,P44" for signal <COM>.
    Set property "LOC = P27,P29,P32,P34,P35,P40,P41" for signal <SEG>.
    Set property "LOC = P123" for signal <OSC>.
    Set property "LOC = P83" for signal <BUZZER>.
    Summary:
	no macro.
Unit <main> synthesized.

Synthesizing Unit <Adder_MUSER_main>.
    Related source file is "C:\Users\Redzer0\Desktop\Classroom\1-2563-Digital Fundamental\Lab8.Adder\main.vf".
    Summary:
	no macro.
Unit <Adder_MUSER_main> synthesized.

Synthesizing Unit <ClockDivider_MUSER_main>.
    Related source file is "C:\Users\Redzer0\Desktop\Classroom\1-2563-Digital Fundamental\Lab8.Adder\main.vf".
    Set property "HU_SET = XLXI_40_35" for instance <XLXI_40>.
INFO:Xst:3210 - "C:\Users\Redzer0\Desktop\Classroom\1-2563-Digital Fundamental\Lab8.Adder\main.vf" line 591: Output port <CEO> of the instance <XLXI_40> is unconnected or connected to loadless signal.
INFO:Xst:3210 - "C:\Users\Redzer0\Desktop\Classroom\1-2563-Digital Fundamental\Lab8.Adder\main.vf" line 591: Output port <TC> of the instance <XLXI_40> is unconnected or connected to loadless signal.
    Summary:
	no macro.
Unit <ClockDivider_MUSER_main> synthesized.

Synthesizing Unit <CB16CE_HXILINX_main>.
    Related source file is "C:\Users\Redzer0\Desktop\Classroom\1-2563-Digital Fundamental\Lab8.Adder\main.vf".
    Found 16-bit register for signal <Q>.
    Found 16-bit adder for signal <Q[15]_GND_6_o_add_0_OUT> created at line 153.
    Summary:
	inferred   1 Adder/Subtractor(s).
	inferred  16 D-type flip-flop(s).
Unit <CB16CE_HXILINX_main> synthesized.

Synthesizing Unit <HEXto7Seg4Digit_MUSER_main>.
    Related source file is "C:\Users\Redzer0\Desktop\Classroom\1-2563-Digital Fundamental\Lab8.Adder\main.vf".
    Set property "HU_SET = XLXI_1_28" for instance <XLXI_1>.
    Set property "HU_SET = XLXI_2_0_32" for instance <XLXI_2_0>.
    Set property "HU_SET = XLXI_2_1_31" for instance <XLXI_2_1>.
    Set property "HU_SET = XLXI_2_2_30" for instance <XLXI_2_2>.
    Set property "HU_SET = XLXI_2_3_29" for instance <XLXI_2_3>.
    Set property "HU_SET = XLXI_3_33" for instance <XLXI_3>.
    Set property "HU_SET = XLXI_6_34" for instance <XLXI_6>.
INFO:Xst:3210 - "C:\Users\Redzer0\Desktop\Classroom\1-2563-Digital Fundamental\Lab8.Adder\main.vf" line 510: Output port <CEO> of the instance <XLXI_1> is unconnected or connected to loadless signal.
INFO:Xst:3210 - "C:\Users\Redzer0\Desktop\Classroom\1-2563-Digital Fundamental\Lab8.Adder\main.vf" line 510: Output port <TC> of the instance <XLXI_1> is unconnected or connected to loadless signal.
    Summary:
	no macro.
Unit <HEXto7Seg4Digit_MUSER_main> synthesized.

Synthesizing Unit <CB2CE_HXILINX_main>.
    Related source file is "C:\Users\Redzer0\Desktop\Classroom\1-2563-Digital Fundamental\Lab8.Adder\main.vf".
    Found 1-bit register for signal <Q1>.
    Found 1-bit register for signal <Q0>.
    Found 2-bit adder for signal <Q1_GND_9_o_add_0_OUT> created at line 251.
    Summary:
	inferred   1 Adder/Subtractor(s).
	inferred   2 D-type flip-flop(s).
Unit <CB2CE_HXILINX_main> synthesized.

Synthesizing Unit <M4_1E_HXILINX_main>.
    Related source file is "C:\Users\Redzer0\Desktop\Classroom\1-2563-Digital Fundamental\Lab8.Adder\main.vf".
    Found 1-bit 4-to-1 multiplexer for signal <S1_D3_Mux_0_o> created at line 183.
    Summary:
	inferred   2 Multiplexer(s).
Unit <M4_1E_HXILINX_main> synthesized.

Synthesizing Unit <D2_4E_HXILINX_main>.
    Related source file is "C:\Users\Redzer0\Desktop\Classroom\1-2563-Digital Fundamental\Lab8.Adder\main.vf".
    Summary:
	inferred   4 Multiplexer(s).
Unit <D2_4E_HXILINX_main> synthesized.

Synthesizing Unit <INV4_HXILINX_main>.
    Related source file is "C:\Users\Redzer0\Desktop\Classroom\1-2563-Digital Fundamental\Lab8.Adder\main.vf".
    Summary:
	no macro.
Unit <INV4_HXILINX_main> synthesized.

Synthesizing Unit <HEXto7Seg_MUSER_main>.
    Related source file is "C:\Users\Redzer0\Desktop\Classroom\1-2563-Digital Fundamental\Lab8.Adder\main.vf".
    Set property "HU_SET = XLXI_4_25" for instance <XLXI_4>.
    Set property "HU_SET = XLXI_6_26" for instance <XLXI_6>.
    Set property "HU_SET = XLXI_9_27" for instance <XLXI_9>.
INFO:Xst:3210 - "C:\Users\Redzer0\Desktop\Classroom\1-2563-Digital Fundamental\Lab8.Adder\main.vf" line 420: Output port <D8> of the instance <XLXI_4> is unconnected or connected to loadless signal.
    Summary:
	no macro.
Unit <HEXto7Seg_MUSER_main> synthesized.

Synthesizing Unit <D4_16E_HXILINX_main>.
    Related source file is "C:\Users\Redzer0\Desktop\Classroom\1-2563-Digital Fundamental\Lab8.Adder\main.vf".
    Summary:
	inferred  16 Multiplexer(s).
Unit <D4_16E_HXILINX_main> synthesized.

Synthesizing Unit <NOR6_HXILINX_main>.
    Related source file is "C:\Users\Redzer0\Desktop\Classroom\1-2563-Digital Fundamental\Lab8.Adder\main.vf".
    Summary:
	no macro.
Unit <NOR6_HXILINX_main> synthesized.

Synthesizing Unit <Check16BitIs0_MUSER_main>.
    Related source file is "C:\Users\Redzer0\Desktop\Classroom\1-2563-Digital Fundamental\Lab8.Adder\main.vf".
    Summary:
	no macro.
Unit <Check16BitIs0_MUSER_main> synthesized.

Synthesizing Unit <Adder8_MUSER_main>.
    Related source file is "C:\Users\Redzer0\Desktop\Classroom\1-2563-Digital Fundamental\Lab8.Adder\main.vf".
    Summary:
	no macro.
Unit <Adder8_MUSER_main> synthesized.

Synthesizing Unit <Adder4_MUSER_main>.
    Related source file is "C:\Users\Redzer0\Desktop\Classroom\1-2563-Digital Fundamental\Lab8.Adder\main.vf".
    Summary:
	no macro.
Unit <Adder4_MUSER_main> synthesized.

Synthesizing Unit <FullAdder1Bit_MUSER_main>.
    Related source file is "C:\Users\Redzer0\Desktop\Classroom\1-2563-Digital Fundamental\Lab8.Adder\main.vf".
    Summary:
	no macro.
Unit <FullAdder1Bit_MUSER_main> synthesized.

=========================================================================
HDL Synthesis Report

Macro Statistics
# Adders/Subtractors                                   : 2
 16-bit adder                                          : 1
 2-bit adder                                           : 1
# Registers                                            : 3
 1-bit register                                        : 2
 16-bit register                                       : 1
# Multiplexers                                         : 28
 1-bit 2-to-1 multiplexer                              : 24
 1-bit 4-to-1 multiplexer                              : 4

=========================================================================

=========================================================================
*                       Advanced HDL Synthesis                          *
=========================================================================


Synthesizing (advanced) Unit <CB16CE_HXILINX_main>.
The following registers are absorbed into counter <Q>: 1 register on signal <Q>.
Unit <CB16CE_HXILINX_main> synthesized (advanced).

=========================================================================
Advanced HDL Synthesis Report

Macro Statistics
# Adders/Subtractors                                   : 1
 2-bit adder                                           : 1
# Counters                                             : 1
 16-bit up counter                                     : 1
# Registers                                            : 2
 Flip-Flops                                            : 2
# Multiplexers                                         : 28
 1-bit 2-to-1 multiplexer                              : 24
 1-bit 4-to-1 multiplexer                              : 4

=========================================================================

=========================================================================
*                         Low Level Synthesis                           *
=========================================================================

Optimizing unit <main> ...

Optimizing unit <Adder_MUSER_main> ...

Optimizing unit <HEXto7Seg4Digit_MUSER_main> ...

Optimizing unit <HEXto7Seg_MUSER_main> ...

Optimizing unit <CB16CE_HXILINX_main> ...

Optimizing unit <CB2CE_HXILINX_main> ...

Optimizing unit <M4_1E_HXILINX_main> ...

Optimizing unit <D2_4E_HXILINX_main> ...

Optimizing unit <INV4_HXILINX_main> ...

Optimizing unit <D4_16E_HXILINX_main> ...

Optimizing unit <NOR6_HXILINX_main> ...

Mapping all equations...
Building and optimizing final netlist ...
Found area constraint ratio of 100 (+ 5) on block main, actual ratio is 0.

Final Macro Processing ...

=========================================================================
Final Register Report

Macro Statistics
# Registers                                            : 18
 Flip-Flops                                            : 18

=========================================================================

=========================================================================
*                           Partition Report                            *
=========================================================================

Partition Implementation Status
-------------------------------

  No Partitions were found in this design.

-------------------------------

=========================================================================
*                            Design Summary                             *
=========================================================================

Top Level Output File Name         : main.ngc

Primitive and Black Box Usage:
------------------------------
# BELS                             : 127
#      AND2                        : 16
#      AND4                        : 1
#      AND4B4                      : 4
#      BUF                         : 1
#      GND                         : 2
#      INV                         : 6
#      LUT1                        : 14
#      LUT2                        : 5
#      LUT4                        : 18
#      LUT5                        : 1
#      LUT6                        : 2
#      MUXCY                       : 15
#      OR2                         : 8
#      VCC                         : 2
#      XOR2                        : 16
#      XORCY                       : 16
# FlipFlops/Latches                : 18
#      FDCE                        : 18
# Clock Buffers                    : 1
#      BUFGP                       : 1
# IO Buffers                       : 28
#      IBUF                        : 16
#      OBUF                        : 12
# Logical                          : 5
#      NOR4                        : 3
#      NOR5                        : 2

Device utilization summary:
---------------------------

Selected Device : 6slx9tqg144-3 


Slice Logic Utilization: 
 Number of Slice Registers:              18  out of  11440     0%  
 Number of Slice LUTs:                   46  out of   5720     0%  
    Number used as Logic:                46  out of   5720     0%  

Slice Logic Distribution: 
 Number of LUT Flip Flop pairs used:     64
   Number with an unused Flip Flop:      46  out of     64    71%  
   Number with an unused LUT:            18  out of     64    28%  
   Number of fully used LUT-FF pairs:     0  out of     64     0%  
   Number of unique control sets:         2

IO Utilization: 
 Number of IOs:                          29
 Number of bonded IOBs:                  29  out of    102    28%  

Specific Feature Utilization:
 Number of BUFG/BUFGCTRLs:                1  out of     16     6%  

---------------------------
Partition Resource Summary:
---------------------------

  No Partitions were found in this design.

---------------------------


=========================================================================
Timing Report

NOTE: THESE TIMING NUMBERS ARE ONLY A SYNTHESIS ESTIMATE.
      FOR ACCURATE TIMING INFORMATION PLEASE REFER TO THE TRACE REPORT
      GENERATED AFTER PLACE-and-ROUTE.

Clock Information:
------------------
-----------------------------------+------------------------------+-------+
Clock Signal                       | Clock buffer(FF name)        | Load  |
-----------------------------------+------------------------------+-------+
OSC                                | BUFGP                        | 16    |
XLXI_1/XLXI_2/XLXI_40/Q_15         | NONE(XLXI_1/XLXI_5/XLXI_1/Q0)| 2     |
-----------------------------------+------------------------------+-------+
INFO:Xst:2169 - HDL ADVISOR - Some clock signals were not automatically buffered by XST with BUFG/BUFR resources. Please use the buffer_type constraint in order to insert these buffers to the clock signals to help prevent skew problems.

Asynchronous Control Signals Information:
----------------------------------------
No asynchronous control signals found in this design

Timing Summary:
---------------
Speed Grade: -3

   Minimum period: 2.190ns (Maximum Frequency: 456.663MHz)
   Minimum input arrival time before clock: No path found
   Maximum output required time after clock: 7.688ns
   Maximum combinational path delay: 27.741ns

Timing Details:
---------------
All values displayed in nanoseconds (ns)

=========================================================================
Timing constraint: Default period analysis for Clock 'OSC'
  Clock period: 1.952ns (frequency: 512.334MHz)
  Total number of paths / destination ports: 136 / 16
-------------------------------------------------------------------------
Delay:               1.952ns (Levels of Logic = 17)
  Source:            XLXI_1/XLXI_2/XLXI_40/Q_0 (FF)
  Destination:       XLXI_1/XLXI_2/XLXI_40/Q_15 (FF)
  Source Clock:      OSC rising
  Destination Clock: OSC rising

  Data Path: XLXI_1/XLXI_2/XLXI_40/Q_0 to XLXI_1/XLXI_2/XLXI_40/Q_15
                                Gate     Net
    Cell:in->out      fanout   Delay   Delay  Logical Name (Net Name)
    ----------------------------------------  ------------
     FDCE:C->Q             1   0.447   0.579  Q_0 (Q_0)
     INV:I->O              1   0.206   0.000  Mcount_Q_lut<0>_INV_0 (Mcount_Q_lut<0>)
     MUXCY:S->O            1   0.172   0.000  Mcount_Q_cy<0> (Mcount_Q_cy<0>)
     MUXCY:CI->O           1   0.019   0.000  Mcount_Q_cy<1> (Mcount_Q_cy<1>)
     MUXCY:CI->O           1   0.019   0.000  Mcount_Q_cy<2> (Mcount_Q_cy<2>)
     MUXCY:CI->O           1   0.019   0.000  Mcount_Q_cy<3> (Mcount_Q_cy<3>)
     MUXCY:CI->O           1   0.019   0.000  Mcount_Q_cy<4> (Mcount_Q_cy<4>)
     MUXCY:CI->O           1   0.019   0.000  Mcount_Q_cy<5> (Mcount_Q_cy<5>)
     MUXCY:CI->O           1   0.019   0.000  Mcount_Q_cy<6> (Mcount_Q_cy<6>)
     MUXCY:CI->O           1   0.019   0.000  Mcount_Q_cy<7> (Mcount_Q_cy<7>)
     MUXCY:CI->O           1   0.019   0.000  Mcount_Q_cy<8> (Mcount_Q_cy<8>)
     MUXCY:CI->O           1   0.019   0.000  Mcount_Q_cy<9> (Mcount_Q_cy<9>)
     MUXCY:CI->O           1   0.019   0.000  Mcount_Q_cy<10> (Mcount_Q_cy<10>)
     MUXCY:CI->O           1   0.019   0.000  Mcount_Q_cy<11> (Mcount_Q_cy<11>)
     MUXCY:CI->O           1   0.019   0.000  Mcount_Q_cy<12> (Mcount_Q_cy<12>)
     MUXCY:CI->O           1   0.019   0.000  Mcount_Q_cy<13> (Mcount_Q_cy<13>)
     MUXCY:CI->O           0   0.019   0.000  Mcount_Q_cy<14> (Mcount_Q_cy<14>)
     XORCY:CI->O           1   0.180   0.000  Mcount_Q_xor<15> (Result<15>)
     FDCE:D                    0.102          Q_15
    ----------------------------------------
    Total                      1.952ns (1.373ns logic, 0.579ns route)
                                       (70.3% logic, 29.7% route)

=========================================================================
Timing constraint: Default period analysis for Clock 'XLXI_1/XLXI_2/XLXI_40/Q_15'
  Clock period: 2.190ns (frequency: 456.663MHz)
  Total number of paths / destination ports: 3 / 2
-------------------------------------------------------------------------
Delay:               2.190ns (Levels of Logic = 1)
  Source:            XLXI_1/XLXI_5/XLXI_1/Q0 (FF)
  Destination:       XLXI_1/XLXI_5/XLXI_1/Q0 (FF)
  Source Clock:      XLXI_1/XLXI_2/XLXI_40/Q_15 rising
  Destination Clock: XLXI_1/XLXI_2/XLXI_40/Q_15 rising

  Data Path: XLXI_1/XLXI_5/XLXI_1/Q0 to XLXI_1/XLXI_5/XLXI_1/Q0
                                Gate     Net
    Cell:in->out      fanout   Delay   Delay  Logical Name (Net Name)
    ----------------------------------------  ------------
     FDCE:C->Q            10   0.447   0.856  Q0 (Q0)
     INV:I->O              1   0.206   0.579  Madd_Q1_GND_9_o_add_0_OUT_xor<0>11_INV_0 (Q1_GND_9_o_add_0_OUT<0>)
     FDCE:D                    0.102          Q0
    ----------------------------------------
    Total                      2.190ns (0.755ns logic, 1.435ns route)
                                       (34.5% logic, 65.5% route)

=========================================================================
Timing constraint: Default OFFSET OUT AFTER for Clock 'XLXI_1/XLXI_2/XLXI_40/Q_15'
  Total number of paths / destination ports: 280 / 11
-------------------------------------------------------------------------
Offset:              7.688ns (Levels of Logic = 7)
  Source:            XLXI_1/XLXI_5/XLXI_1/Q1 (FF)
  Destination:       SEG<6> (PAD)
  Source Clock:      XLXI_1/XLXI_2/XLXI_40/Q_15 rising

  Data Path: XLXI_1/XLXI_5/XLXI_1/Q1 to SEG<6>
                                Gate     Net
    Cell:in->out      fanout   Delay   Delay  Logical Name (Net Name)
    ----------------------------------------  ------------
     FDCE:C->Q             9   0.447   1.174  Q1 (Q1)
     end scope: 'XLXI_1/XLXI_5/XLXI_1:Q1'
     begin scope: 'XLXI_1/XLXI_5/XLXI_2_0:S1'
     LUT5:I0->O           15   0.203   1.229  Mmux_O11 (O)
     end scope: 'XLXI_1/XLXI_5/XLXI_2_0:O'
     begin scope: 'XLXI_1/XLXI_5/XLXI_7/XLXI_4:A0'
     LUT4:I0->O            5   0.203   1.059  Mmux_D1111 (D1)
     end scope: 'XLXI_1/XLXI_5/XLXI_7/XLXI_4:D1'
     NOR4:I1->O            1   0.223   0.579  XLXI_1/XLXI_5/XLXI_7/XLXI_11 (SEG_6_OBUF)
     OBUF:I->O                 2.571          SEG_6_OBUF (SEG<6>)
    ----------------------------------------
    Total                      7.688ns (3.647ns logic, 4.041ns route)
                                       (47.4% logic, 52.6% route)

=========================================================================
Timing constraint: Default path analysis
  Total number of paths / destination ports: 5600 / 8
-------------------------------------------------------------------------
Delay:               27.741ns (Levels of Logic = 24)
  Source:            DIP<0> (PAD)
  Destination:       SEG<6> (PAD)

  Data Path: DIP<0> to SEG<6>
                                Gate     Net
    Cell:in->out      fanout   Delay   Delay  Logical Name (Net Name)
    ----------------------------------------  ------------
     IBUF:I->O             2   1.222   0.981  DIP_0_IBUF (DIP_0_IBUF)
     XOR2:I0->O            2   0.203   0.961  XLXI_1/XLXI_15/XLXI_1/XLXI_1/XLXI_1 (XLXI_1/XLXI_15/XLXI_1/XLXI_1/XLXN_4)
     AND2:I1->O            1   0.223   0.924  XLXI_1/XLXI_15/XLXI_1/XLXI_1/XLXI_3 (XLXI_1/XLXI_15/XLXI_1/XLXI_1/XLXN_9)
     OR2:I1->O             2   0.223   0.981  XLXI_1/XLXI_15/XLXI_1/XLXI_1/XLXI_5 (XLXI_1/XLXI_15/XLXI_1/XLXN_1)
     AND2:I0->O            1   0.203   0.924  XLXI_1/XLXI_15/XLXI_1/XLXI_2/XLXI_3 (XLXI_1/XLXI_15/XLXI_1/XLXI_2/XLXN_9)
     OR2:I1->O             2   0.223   0.981  XLXI_1/XLXI_15/XLXI_1/XLXI_2/XLXI_5 (XLXI_1/XLXI_15/XLXI_1/XLXN_2)
     AND2:I0->O            1   0.203   0.924  XLXI_1/XLXI_15/XLXI_1/XLXI_3/XLXI_3 (XLXI_1/XLXI_15/XLXI_1/XLXI_3/XLXN_9)
     OR2:I1->O             2   0.223   0.981  XLXI_1/XLXI_15/XLXI_1/XLXI_3/XLXI_5 (XLXI_1/XLXI_15/XLXI_1/XLXN_3)
     AND2:I0->O            1   0.203   0.924  XLXI_1/XLXI_15/XLXI_1/XLXI_4/XLXI_3 (XLXI_1/XLXI_15/XLXI_1/XLXI_4/XLXN_9)
     OR2:I1->O             2   0.223   0.981  XLXI_1/XLXI_15/XLXI_1/XLXI_4/XLXI_5 (XLXI_1/XLXI_15/XLXN_1)
     AND2:I0->O            1   0.203   0.924  XLXI_1/XLXI_15/XLXI_2/XLXI_1/XLXI_3 (XLXI_1/XLXI_15/XLXI_2/XLXI_1/XLXN_9)
     OR2:I1->O             2   0.223   0.981  XLXI_1/XLXI_15/XLXI_2/XLXI_1/XLXI_5 (XLXI_1/XLXI_15/XLXI_2/XLXN_1)
     AND2:I0->O            1   0.203   0.924  XLXI_1/XLXI_15/XLXI_2/XLXI_2/XLXI_3 (XLXI_1/XLXI_15/XLXI_2/XLXI_2/XLXN_9)
     OR2:I1->O             2   0.223   0.981  XLXI_1/XLXI_15/XLXI_2/XLXI_2/XLXI_5 (XLXI_1/XLXI_15/XLXI_2/XLXN_2)
     AND2:I0->O            1   0.203   0.924  XLXI_1/XLXI_15/XLXI_2/XLXI_3/XLXI_3 (XLXI_1/XLXI_15/XLXI_2/XLXI_3/XLXN_9)
     OR2:I1->O             2   0.223   0.981  XLXI_1/XLXI_15/XLXI_2/XLXI_3/XLXI_5 (XLXI_1/XLXI_15/XLXI_2/XLXN_3)
     AND2:I0->O            1   0.203   0.924  XLXI_1/XLXI_15/XLXI_2/XLXI_4/XLXI_3 (XLXI_1/XLXI_15/XLXI_2/XLXI_4/XLXN_9)
     OR2:I1->O             2   0.223   0.617  XLXI_1/XLXI_15/XLXI_2/XLXI_4/XLXI_5 (XLXI_1/BIN<8>)
     begin scope: 'XLXI_1/XLXI_5/XLXI_2_0:D2'
     LUT5:I4->O           15   0.205   1.229  Mmux_O11 (O)
     end scope: 'XLXI_1/XLXI_5/XLXI_2_0:O'
     begin scope: 'XLXI_1/XLXI_5/XLXI_7/XLXI_4:A0'
     LUT4:I0->O            5   0.203   1.059  Mmux_D1111 (D1)
     end scope: 'XLXI_1/XLXI_5/XLXI_7/XLXI_4:D1'
     NOR4:I1->O            1   0.223   0.579  XLXI_1/XLXI_5/XLXI_7/XLXI_11 (SEG_6_OBUF)
     OBUF:I->O                 2.571          SEG_6_OBUF (SEG<6>)
    ----------------------------------------
    Total                     27.741ns (8.055ns logic, 19.686ns route)
                                       (29.0% logic, 71.0% route)

=========================================================================

Cross Clock Domains Report:
--------------------------

Clock to Setup on destination clock OSC
---------------+---------+---------+---------+---------+
               | Src:Rise| Src:Fall| Src:Rise| Src:Fall|
Source Clock   |Dest:Rise|Dest:Rise|Dest:Fall|Dest:Fall|
---------------+---------+---------+---------+---------+
OSC            |    1.952|         |         |         |
---------------+---------+---------+---------+---------+

Clock to Setup on destination clock XLXI_1/XLXI_2/XLXI_40/Q_15
--------------------------+---------+---------+---------+---------+
                          | Src:Rise| Src:Fall| Src:Rise| Src:Fall|
Source Clock              |Dest:Rise|Dest:Rise|Dest:Fall|Dest:Fall|
--------------------------+---------+---------+---------+---------+
XLXI_1/XLXI_2/XLXI_40/Q_15|    2.190|         |         |         |
--------------------------+---------+---------+---------+---------+

=========================================================================


Total REAL time to Xst completion: 8.00 secs
Total CPU time to Xst completion: 8.14 secs
 
--> 

Total memory usage is 4500844 kilobytes

Number of errors   :    0 (   0 filtered)
Number of warnings :    2 (   0 filtered)
Number of infos    :    6 (   0 filtered)

