
****** PlanAhead v14.7 (64-bit)
  **** Build 321239 by xbuild on Fri Sep 27 19:29:51 MDT 2013
    ** Copyright 1986-1999, 2001-2013 Xilinx, Inc. All Rights Reserved.

INFO: [Common 17-78] Attempting to get a license: PlanAhead
INFO: [Common 17-290] Got license for PlanAhead
INFO: [Device 21-36] Loading parts and site information from C:/Xilinx/14.7/ISE_DS/PlanAhead/data/parts/arch.xml
Parsing RTL primitives file [C:/Xilinx/14.7/ISE_DS/PlanAhead/data/parts/xilinx/rtl/prims/rtl_prims.xml]
Finished parsing RTL primitives file [C:/Xilinx/14.7/ISE_DS/PlanAhead/data/parts/xilinx/rtl/prims/rtl_prims.xml]
start_gui
source {C:/Users/Redzer0/Desktop/Classroom/1-2563-Digital Fundamental/Lab04/Lab04/pa.fromHdl.tcl}
# create_project -name Lab04 -dir "C:/Users/Redzer0/Desktop/Classroom/1-2563-Digital Fundamental/Lab04/Lab04/planAhead_run_1" -part xc6slx9tqg144-3
# set_param project.pinAheadLayout yes
# set srcset [get_property srcset [current_run -impl]]
# set_property target_constrs_file "C:/Users/Redzer0/Desktop/Classroom/1-2563-Digital Fundamental/Lab04/Lab04/Lab04sem.ucf" [current_fileset -constrset]
Adding file 'C:/Users/Redzer0/Desktop/Classroom/1-2563-Digital Fundamental/Lab04/Lab04/Lab04sem.ucf' to fileset 'constrs_1'
# set hdlfile [add_files [list {Lab04sem.vf}]]
# set_property file_type Verilog $hdlfile
# set_property library work $hdlfile
# set_property top Lab04sem $srcset
# add_files [list {Lab4Pin.ucf}] -fileset [get_property constrset [current_run]]
# add_files [list {Lab04sem.ucf}] -fileset [get_property constrset [current_run]]
# open_rtl_design -part xc6slx9tqg144-3
Using Verific elaboration
Parsing VHDL file "C:/Xilinx/14.7/ISE_DS/PlanAhead/data/parts/xilinx/rtl/lib/synplify/synattr.vhd" into library synplify
Analyzing Verilog file "C:/Users/Redzer0/Desktop/Classroom/1-2563-Digital Fundamental/Lab04/Lab04/Lab04sem.vf" into library work
Loading clock regions from C:/Xilinx/14.7/ISE_DS/PlanAhead/data\parts/xilinx/spartan6/spartan6lx/xc6slx9/ClockRegion.xml
Loading clock buffers from C:/Xilinx/14.7/ISE_DS/PlanAhead/data\parts/xilinx/spartan6/spartan6lx/xc6slx9/ClockBuffers.xml
Loading package pin functions from C:/Xilinx/14.7/ISE_DS/PlanAhead/data\parts/xilinx/spartan6/PinFunctions.xml...
Loading package from C:/Xilinx/14.7/ISE_DS/PlanAhead/data\parts/xilinx/spartan6/spartan6lx/xc6slx9/tqg144/Package.xml
Loading io standards from C:/Xilinx/14.7/ISE_DS/PlanAhead/data\./parts/xilinx/spartan6/IOStandards.xml
Loading device configuration modes from C:/Xilinx/14.7/ISE_DS/PlanAhead/data\parts/xilinx/spartan6/ConfigModes.xml
Loading list of drcs for the architecture : C:/Xilinx/14.7/ISE_DS/PlanAhead/data\./parts/xilinx/spartan6/drc.xml
Parsing UCF File [C:/Users/Redzer0/Desktop/Classroom/1-2563-Digital Fundamental/Lab04/Lab04/Lab04sem.ucf]
Finished Parsing UCF File [C:/Users/Redzer0/Desktop/Classroom/1-2563-Digital Fundamental/Lab04/Lab04/Lab04sem.ucf]
Parsing UCF File [C:/Users/Redzer0/Desktop/Classroom/1-2563-Digital Fundamental/Lab04/Lab04/Lab4Pin.ucf]
Finished Parsing UCF File [C:/Users/Redzer0/Desktop/Classroom/1-2563-Digital Fundamental/Lab04/Lab04/Lab4Pin.ucf]
INFO: [Project 1-111] Unisim Transformation Summary:
No Unisim elements were transformed.

Phase 0 | Netlist Checksum: b35c2d85
open_rtl_design: Time (s): elapsed = 00:00:11 . Memory (MB): peak = 645.492 ; gain = 164.367
update_compile_order -fileset sim_1
startgroup
set_property package_pin P57 [get_ports B_P57]
endgroup
startgroup
set_property package_pin P83 [get_ports Buzzer_P83]
endgroup
startgroup
set_property package_pin P58 [get_ports D_P58]
endgroup
startgroup
set_property package_pin P59 [get_ports E_P59]
endgroup
set_property package_pin "" [get_ports [list  H_P55]]
startgroup
set_property package_pin P59 [get_ports E_P59]
endgroup
startgroup
set_property package_pin P55 [get_ports H_P55]
endgroup
startgroup
set_property package_pin P56 [get_ports S_P56]
endgroup
save_constraints
exit
ERROR: [Common 17-39] 'stop_gui' failed due to earlier errors.
INFO: [Common 17-206] Exiting PlanAhead at Thu Sep 17 11:09:58 2020...
INFO: [Common 17-83] Releasing license: PlanAhead
