
****** PlanAhead v14.7 (64-bit)
  **** Build 321239 by xbuild on Fri Sep 27 19:29:51 MDT 2013
    ** Copyright 1986-1999, 2001-2013 Xilinx, Inc. All Rights Reserved.

INFO: [Common 17-78] Attempting to get a license: PlanAhead
INFO: [Common 17-290] Got license for PlanAhead
INFO: [Device 21-36] Loading parts and site information from C:/Xilinx/14.7/ISE_DS/PlanAhead/data/parts/arch.xml
Parsing RTL primitives file [C:/Xilinx/14.7/ISE_DS/PlanAhead/data/parts/xilinx/rtl/prims/rtl_prims.xml]
Finished parsing RTL primitives file [C:/Xilinx/14.7/ISE_DS/PlanAhead/data/parts/xilinx/rtl/prims/rtl_prims.xml]
start_gui
source {C:/Users/Redzer0/Desktop/Classroom/1-2563-Digital Fundamental/Lab8.Adder/pa.fromHdl.tcl}
# create_project -name Lab8.Adder -dir "C:/Users/Redzer0/Desktop/Classroom/1-2563-Digital Fundamental/Lab8.Adder/planAhead_run_1" -part xc6slx9tqg144-3
# set_param project.pinAheadLayout yes
# set srcset [get_property srcset [current_run -impl]]
# set_property target_constrs_file "main.ucf" [current_fileset -constrset]
Adding file 'C:/Users/Redzer0/Desktop/Classroom/1-2563-Digital Fundamental/Lab8.Adder/main.ucf' to fileset 'constrs_1'
# set hdlfile [add_files [list {FullAdder1Bit.vf}]]
# set_property file_type Verilog $hdlfile
# set_property library work $hdlfile
# set hdlfile [add_files [list {HEXto7Seg.vf}]]
# set_property file_type Verilog $hdlfile
# set_property library work $hdlfile
# set hdlfile [add_files [list {Adder4.vf}]]
# set_property file_type Verilog $hdlfile
# set_property library work $hdlfile
# set hdlfile [add_files [list {HEXto7Seg4Digit.vf}]]
# set_property file_type Verilog $hdlfile
# set_property library work $hdlfile
# set hdlfile [add_files [list {ClockDivider.vf}]]
# set_property file_type Verilog $hdlfile
# set_property library work $hdlfile
# set hdlfile [add_files [list {Check16BitIs0.vf}]]
# set_property file_type Verilog $hdlfile
# set_property library work $hdlfile
# set hdlfile [add_files [list {Adder8.vf}]]
# set_property file_type Verilog $hdlfile
# set_property library work $hdlfile
# set hdlfile [add_files [list {Adder.vf}]]
# set_property file_type Verilog $hdlfile
# set_property library work $hdlfile
# set hdlfile [add_files [list {main.vf}]]
# set_property file_type Verilog $hdlfile
# set_property library work $hdlfile
# set_property top main $srcset
# add_files [list {main.ucf}] -fileset [get_property constrset [current_run]]
# open_rtl_design -part xc6slx9tqg144-3
Using Verific elaboration
Parsing VHDL file "C:/Xilinx/14.7/ISE_DS/PlanAhead/data/parts/xilinx/rtl/lib/synplify/synattr.vhd" into library synplify
Analyzing Verilog file "C:/Users/Redzer0/Desktop/Classroom/1-2563-Digital Fundamental/Lab8.Adder/main.vf" into library work
Loading clock regions from C:/Xilinx/14.7/ISE_DS/PlanAhead/data\parts/xilinx/spartan6/spartan6lx/xc6slx9/ClockRegion.xml
Loading clock buffers from C:/Xilinx/14.7/ISE_DS/PlanAhead/data\parts/xilinx/spartan6/spartan6lx/xc6slx9/ClockBuffers.xml
Loading package pin functions from C:/Xilinx/14.7/ISE_DS/PlanAhead/data\parts/xilinx/spartan6/PinFunctions.xml...
Loading package from C:/Xilinx/14.7/ISE_DS/PlanAhead/data\parts/xilinx/spartan6/spartan6lx/xc6slx9/tqg144/Package.xml
Loading io standards from C:/Xilinx/14.7/ISE_DS/PlanAhead/data\./parts/xilinx/spartan6/IOStandards.xml
Loading device configuration modes from C:/Xilinx/14.7/ISE_DS/PlanAhead/data\parts/xilinx/spartan6/ConfigModes.xml
Loading list of drcs for the architecture : C:/Xilinx/14.7/ISE_DS/PlanAhead/data\./parts/xilinx/spartan6/drc.xml
Parsing UCF File [C:/Users/Redzer0/Desktop/Classroom/1-2563-Digital Fundamental/Lab8.Adder/main.ucf]
Finished Parsing UCF File [C:/Users/Redzer0/Desktop/Classroom/1-2563-Digital Fundamental/Lab8.Adder/main.ucf]
INFO: [Project 1-111] Unisim Transformation Summary:
No Unisim elements were transformed.

Phase 0 | Netlist Checksum: f94614e5
open_rtl_design: Time (s): elapsed = 00:00:13 . Memory (MB): peak = 643.727 ; gain = 162.875
update_compile_order -fileset sim_1
startgroup
set_property package_pin P30 [get_ports {COM[3]}]
endgroup
startgroup
set_property package_pin P33 [get_ports {COM[2]}]
endgroup
startgroup
set_property package_pin P43 [get_ports {COM[1]}]
endgroup
startgroup
set_property package_pin P44 [get_ports {COM[0]}]
endgroup
startgroup
set_property package_pin P100 [get_ports {DIP[7]}]
endgroup
startgroup
set_property package_pin P112 [get_ports {DIP[0]}]
endgroup
startgroup
set_property package_pin P99 [get_ports {DIP[7]}]
endgroup
startgroup
set_property package_pin P100 [get_ports {DIP[6]}]
endgroup
startgroup
set_property package_pin P111 [get_ports {DIP[1]}]
endgroup
startgroup
set_property package_pin P105 [get_ports {DIP[2]}]
endgroup
startgroup
set_property package_pin P104 [get_ports {DIP[3]}]
endgroup
startgroup
set_property package_pin P102 [get_ports {DIP[4]}]
endgroup
startgroup
set_property package_pin P100 [get_ports {DIP[6]}]
endgroup
startgroup
set_property package_pin P101 [get_ports {DIP[5]}]
endgroup
startgroup
set_property package_pin P66 [get_ports {SW[0]}]
endgroup
startgroup
set_property package_pin P62 [get_ports {SW[1]}]
endgroup
startgroup
set_property package_pin P61 [get_ports {SW[2]}]
endgroup
startgroup
set_property package_pin P59 [get_ports {SW[3]}]
endgroup
startgroup
set_property package_pin P58 [get_ports {SW[4]}]
endgroup
startgroup
set_property package_pin P57 [get_ports {SW[5]}]
endgroup
set_property package_pin "" [get_ports [list  {SW[7]}]]
startgroup
set_property package_pin P56 [get_ports {SW[6]}]
endgroup
startgroup
set_property package_pin P55 [get_ports {SW[7]}]
endgroup
startgroup
set_property package_pin P41 [get_ports {SEG[0]}]
endgroup
startgroup
set_property package_pin P40 [get_ports {SEG[1]}]
endgroup
startgroup
set_property package_pin P35 [get_ports {SEG[2]}]
endgroup
startgroup
set_property package_pin P34 [get_ports {SEG[3]}]
endgroup
startgroup
set_property package_pin P32 [get_ports {SEG[4]}]
endgroup
startgroup
set_property package_pin P29 [get_ports {SEG[5]}]
endgroup
startgroup
set_property package_pin P27 [get_ports {SEG[6]}]
endgroup
save_constraints
exit
ERROR: [Common 17-39] 'stop_gui' failed due to earlier errors.
INFO: [Common 17-206] Exiting PlanAhead at Wed Oct 28 22:55:37 2020...
INFO: [Common 17-83] Releasing license: PlanAhead
