--------------------------------------------------------------------------------
Release 14.7 Trace  (nt64)
Copyright (c) 1995-2013 Xilinx, Inc.  All rights reserved.

C:\Xilinx\14.7\ISE_DS\ISE\bin\nt64\unwrapped\trce.exe -intstyle ise -v 3 -s 3
-n 3 -fastpaths -xml Lab05.twx Lab05.ncd -o Lab05.twr Lab05.pcf -ucf Lab05.ucf

Design file:              Lab05.ncd
Physical constraint file: Lab05.pcf
Device,package,speed:     xc6slx9,tqg144,C,-3 (PRODUCTION 1.23 2013-10-13)
Report level:             verbose report

Environment Variable      Effect 
--------------------      ------ 
NONE                      No environment variables were set
--------------------------------------------------------------------------------

INFO:Timing:2698 - No timing constraints found, doing default enumeration.
INFO:Timing:3412 - To improve timing, see the Timing Closure User Guide (UG612).
INFO:Timing:2752 - To get complete path coverage, use the unconstrained paths 
   option. All paths that are not constrained will be reported in the 
   unconstrained paths section(s) of the report.
INFO:Timing:3339 - The clock-to-out numbers in this timing report are based on 
   a 50 Ohm transmission line loading model.  For the details of this model, 
   and for more information on accounting for different loading conditions, 
   please see the device datasheet.



Data Sheet report:
-----------------
All values displayed in nanoseconds (ns)

Pad to Pad
---------------+---------------+---------+
Source Pad     |Destination Pad|  Delay  |
---------------+---------------+---------+
A              |a_out          |    7.702|
A              |b_out          |    6.764|
A              |c_out          |    6.819|
A              |d_out          |    6.343|
A              |e_out          |    6.650|
A              |f_out          |    7.526|
A              |g_out          |    7.925|
B              |a_out          |    6.865|
B              |b_out          |    7.438|
B              |c_out          |    7.354|
B              |d_out          |    7.062|
B              |e_out          |    6.976|
B              |f_out          |    8.095|
B              |g_out          |    7.841|
C              |a_out          |    7.329|
C              |b_out          |    7.443|
C              |c_out          |    7.478|
C              |d_out          |    7.172|
C              |e_out          |    7.512|
C              |f_out          |    8.118|
C              |g_out          |    8.257|
D              |a_out          |    6.914|
D              |b_out          |    7.283|
D              |c_out          |    7.267|
D              |d_out          |    7.142|
D              |e_out          |    7.070|
D              |f_out          |    8.126|
---------------+---------------+---------+


Analysis completed Thu Oct 08 12:37:37 2020 
--------------------------------------------------------------------------------

Trace Settings:
-------------------------
Trace Settings 

Peak Memory Usage: 4547 MB



