
****** PlanAhead v14.7 (64-bit)
  **** Build 321239 by xbuild on Fri Sep 27 19:29:51 MDT 2013
    ** Copyright 1986-1999, 2001-2013 Xilinx, Inc. All Rights Reserved.

INFO: [Common 17-78] Attempting to get a license: PlanAhead
INFO: [Common 17-290] Got license for PlanAhead
INFO: [Device 21-36] Loading parts and site information from C:/Xilinx/14.7/ISE_DS/PlanAhead/data/parts/arch.xml
Parsing RTL primitives file [C:/Xilinx/14.7/ISE_DS/PlanAhead/data/parts/xilinx/rtl/prims/rtl_prims.xml]
Finished parsing RTL primitives file [C:/Xilinx/14.7/ISE_DS/PlanAhead/data/parts/xilinx/rtl/prims/rtl_prims.xml]
start_gui
source {C:/Users/Redzer0/Desktop/Classroom/1-2563-Digital Fundamental/Lab05/pa.fromHdl.tcl}
# create_project -name Lab05 -dir "C:/Users/Redzer0/Desktop/Classroom/1-2563-Digital Fundamental/Lab05/planAhead_run_1" -part xc6slx9tqg144-3
# set_param project.pinAheadLayout yes
# set srcset [get_property srcset [current_run -impl]]
# set_property target_constrs_file "Lab05.ucf" [current_fileset -constrset]
Adding file 'C:/Users/Redzer0/Desktop/Classroom/1-2563-Digital Fundamental/Lab05/Lab05.ucf' to fileset 'constrs_1'
# set hdlfile [add_files [list {Lab05.vf}]]
# set_property file_type Verilog $hdlfile
# set_property library work $hdlfile
# set_property top Lab05 $srcset
# add_files [list {Lab05.ucf}] -fileset [get_property constrset [current_run]]
# open_rtl_design -part xc6slx9tqg144-3
Using Verific elaboration
Parsing VHDL file "C:/Xilinx/14.7/ISE_DS/PlanAhead/data/parts/xilinx/rtl/lib/synplify/synattr.vhd" into library synplify
Analyzing Verilog file "C:/Users/Redzer0/Desktop/Classroom/1-2563-Digital Fundamental/Lab05/Lab05.vf" into library work
Loading clock regions from C:/Xilinx/14.7/ISE_DS/PlanAhead/data\parts/xilinx/spartan6/spartan6lx/xc6slx9/ClockRegion.xml
Loading clock buffers from C:/Xilinx/14.7/ISE_DS/PlanAhead/data\parts/xilinx/spartan6/spartan6lx/xc6slx9/ClockBuffers.xml
Loading package pin functions from C:/Xilinx/14.7/ISE_DS/PlanAhead/data\parts/xilinx/spartan6/PinFunctions.xml...
Loading package from C:/Xilinx/14.7/ISE_DS/PlanAhead/data\parts/xilinx/spartan6/spartan6lx/xc6slx9/tqg144/Package.xml
Loading io standards from C:/Xilinx/14.7/ISE_DS/PlanAhead/data\./parts/xilinx/spartan6/IOStandards.xml
Loading device configuration modes from C:/Xilinx/14.7/ISE_DS/PlanAhead/data\parts/xilinx/spartan6/ConfigModes.xml
Loading list of drcs for the architecture : C:/Xilinx/14.7/ISE_DS/PlanAhead/data\./parts/xilinx/spartan6/drc.xml
Parsing UCF File [C:/Users/Redzer0/Desktop/Classroom/1-2563-Digital Fundamental/Lab05/Lab05.ucf]
Finished Parsing UCF File [C:/Users/Redzer0/Desktop/Classroom/1-2563-Digital Fundamental/Lab05/Lab05.ucf]
INFO: [Project 1-111] Unisim Transformation Summary:
No Unisim elements were transformed.

Phase 0 | Netlist Checksum: 2a015cbb
open_rtl_design: Time (s): elapsed = 00:00:10 . Memory (MB): peak = 652.449 ; gain = 193.313
update_compile_order -fileset sim_1
startgroup
set_property package_pin P55 [get_ports A]
endgroup
set_property package_pin "" [get_ports [list  a_out]]
startgroup
set_property package_pin P56 [get_ports B]
endgroup
startgroup
set_property package_pin P57 [get_ports C]
endgroup
startgroup
set_property package_pin P58 [get_ports D]
endgroup
startgroup
set_property package_pin P41 [get_ports a_out]
endgroup
startgroup
set_property package_pin P40 [get_ports b_out]
endgroup
startgroup
set_property package_pin P58 [get_ports D]
endgroup
startgroup
set_property package_pin P35 [get_ports c_out]
endgroup
startgroup
set_property package_pin P34 [get_ports d_out]
endgroup
set_property package_pin "" [get_ports [list  f_out]]
startgroup
set_property package_pin P32 [get_ports e_out]
endgroup
startgroup
set_property package_pin P29 [get_ports f_out]
endgroup
startgroup
set_property package_pin P27 [get_ports g_out]
endgroup
save_constraints
exit
ERROR: [Common 17-39] 'stop_gui' failed due to earlier errors.
INFO: [Common 17-206] Exiting PlanAhead at Thu Oct 08 11:57:06 2020...
INFO: [Common 17-83] Releasing license: PlanAhead
